[Generator WARN] not found log4j.properties, cause:java.io.FileNotFoundException: E:\workspace\intellij%20IDEA\SSMgen\target\classes\log4j.properties (系统找不到指定的路径。)
Start Load GeneratorPropeties from classpath:[generator.properties, generator.xml]
GeneratorPropeties Load Success,files:[/E:/workspace/intellij%20IDEA/SSMgen/target/classes/generator.xml]


***************************************************************
* * 开始生成代码 * *
* * 2018-06-08 10:28:30 * *
***************************************************************

[delete dir]    d:generator-output
***************************************************************
* BEGIN  generate by user_sign => UserSign
***************************************************************
-------------------load template from templateRootDir = 'E:\workspace\intellij IDEA\SSMgen\templates\se_template' outRootDir:d:\\generator-output
[skip]		 endsWith '.include' template:custom.include
[not generate] by gg.isIgnoreOutput()=true on template:generator\ColumnEnum.generator
[generate]	 template:generator\src\generator_config\table\${sqlName}.xml ==> d:\\generator-output\generator\src\generator_config\table\user_sign.xml
[skip]		 endsWith '.include' template:java_DO_imports.include
[skip]		 endsWith '.include' template:java_controller_imports.include
[skip]		 endsWith '.include' template:java_copyright.include
[skip]		 endsWith '.include' template:java_imports.include
[skip]		 endsWith '.include' template:java_mysqlDAO_imports.include
[skip]		 endsWith '.include' template:java_serviceImpl_imports.include
[skip]		 endsWith '.include' template:java_service_imports.include
[generate]	 template:java_src\core\${basepackage_dir}\core\service\${className}Service.java ==> d:\\generator-output\java_src\core\com\wealthlake\demo\core\service\UserSignService.java
[generate]	 template:java_src\core\${basepackage_dir}\core\service\impl\${className}ServiceImpl.java ==> d:\\generator-output\java_src\core\com\wealthlake\demo\core\service\impl\UserSignServiceImpl.java
[generate]	 template:java_src\dataaccess\${basepackage_dir}\dataaccess\dao\mysql\${className}MysqlDAO.java ==> d:\\generator-output\java_src\dataaccess\com\wealthlake\demo\dataaccess\dao\mysql\UserSignMysqlDAO.java
[generate]	 template:java_src\dataaccess\${basepackage_dir}\dataaccess\domain\${className}DO.java ==> d:\\generator-output\java_src\dataaccess\com\wealthlake\demo\dataaccess\domain\UserSignDO.java
[generate]	 template:java_src\dataaccess\sqlmap\${className}.xml ==> d:\\generator-output\java_src\dataaccess\sqlmap\UserSign.xml
[generate]	 template:java_src\dataaccess\sqlmap\${className}_old.xml ==> d:\\generator-output\java_src\dataaccess\sqlmap\UserSign_old.xml
[generate]	 template:java_src\web\${basepackage_dir}\web\controller\${className}Controller.java ==> d:\\generator-output\java_src\web\com\wealthlake\demo\web\controller\UserSignController.java
[generate]	 template:java_test\${basepackage_dir}\dao\${className}DaoTest.java ==> d:\\generator-output\java_test\com\wealthlake\demo\dao\UserSignDaoTest.java
[generate]	 template:java_test\${basepackage_dir}\service\${className}ManagerTest.java ==> d:\\generator-output\java_test\com\wealthlake\demo\service\UserSignManagerTest.java
[generate]	 template:java_test\testdata\${className}.xml.ftl ==> d:\\generator-output\java_test\testdata\UserSign.xml
[skip]		 endsWith '.include' template:macro.include
[generate]	 template:other\jdbc_all_crud_sql\${basepackage_dir}\dao\${className}Dao.java ==> d:\\generator-output\other\jdbc_all_crud_sql\com\wealthlake\demo\dao\UserSignDao.java
[generate]	 template:readme.txt ==> d:\\generator-output\readme.txt
[generate]	 template:web\${namespace}\screen\${className}_jsp\base.jsp ==> d:\\generator-output\web\screen\UserSign_jsp\base.jsp
[generate]	 template:web\${namespace}\screen\${className}_jsp\create.jsp ==> d:\\generator-output\web\screen\UserSign_jsp\create.jsp
[generate]	 template:web\${namespace}\screen\${className}_jsp\edit.jsp ==> d:\\generator-output\web\screen\UserSign_jsp\edit.jsp
[generate]	 template:web\${namespace}\screen\${className}_jsp\form_include.jsp ==> d:\\generator-output\web\screen\UserSign_jsp\form_include.jsp
[generate]	 template:web\${namespace}\screen\${className}_jsp\list.jsp ==> d:\\generator-output\web\screen\UserSign_jsp\list.jsp
[generate]	 template:web\${namespace}\screen\${className}_jsp\show.jsp ==> d:\\generator-output\web\screen\UserSign_jsp\show.jsp
[generate]	 template:web\${namespace}\screen\base.jsp ==> d:\\generator-output\web\screen\base.jsp

***************************************************************
* * 生成代码完成 * *
* * 2018-06-08 10:28:32 * *
***************************************************************


***************************************************************
* * 开始生成代码 * *
* * 2018-06-08 10:28:32 * *
***************************************************************

[delete dir]    d:generator-output
***************************************************************
* BEGIN  generate by user_sign => UserSign
***************************************************************
-------------------load template from templateRootDir = 'E:\workspace\intellij IDEA\SSMgen\templates\se_template' outRootDir:d:\\generator-output
[skip]		 endsWith '.include' template:custom.include
[not generate] by gg.isIgnoreOutput()=true on template:generator\ColumnEnum.generator
[generate]	 template:generator\src\generator_config\table\${sqlName}.xml ==> d:\\generator-output\generator\src\generator_config\table\user_sign.xml
[skip]		 endsWith '.include' template:java_DO_imports.include
[skip]		 endsWith '.include' template:java_controller_imports.include
[skip]		 endsWith '.include' template:java_copyright.include
[skip]		 endsWith '.include' template:java_imports.include
[skip]		 endsWith '.include' template:java_mysqlDAO_imports.include
[skip]		 endsWith '.include' template:java_serviceImpl_imports.include
[skip]		 endsWith '.include' template:java_service_imports.include
[generate]	 template:java_src\core\${basepackage_dir}\core\service\${className}Service.java ==> d:\\generator-output\java_src\core\com\wealthlake\demo\core\service\UserSignService.java
[generate]	 template:java_src\core\${basepackage_dir}\core\service\impl\${className}ServiceImpl.java ==> d:\\generator-output\java_src\core\com\wealthlake\demo\core\service\impl\UserSignServiceImpl.java
[generate]	 template:java_src\dataaccess\${basepackage_dir}\dataaccess\dao\mysql\${className}MysqlDAO.java ==> d:\\generator-output\java_src\dataaccess\com\wealthlake\demo\dataaccess\dao\mysql\UserSignMysqlDAO.java
[generate]	 template:java_src\dataaccess\${basepackage_dir}\dataaccess\domain\${className}DO.java ==> d:\\generator-output\java_src\dataaccess\com\wealthlake\demo\dataaccess\domain\UserSignDO.java
[generate]	 template:java_src\dataaccess\sqlmap\${className}.xml ==> d:\\generator-output\java_src\dataaccess\sqlmap\UserSign.xml
[generate]	 template:java_src\dataaccess\sqlmap\${className}_old.xml ==> d:\\generator-output\java_src\dataaccess\sqlmap\UserSign_old.xml
[generate]	 template:java_src\web\${basepackage_dir}\web\controller\${className}Controller.java ==> d:\\generator-output\java_src\web\com\wealthlake\demo\web\controller\UserSignController.java
[generate]	 template:java_test\${basepackage_dir}\dao\${className}DaoTest.java ==> d:\\generator-output\java_test\com\wealthlake\demo\dao\UserSignDaoTest.java
[generate]	 template:java_test\${basepackage_dir}\service\${className}ManagerTest.java ==> d:\\generator-output\java_test\com\wealthlake\demo\service\UserSignManagerTest.java
[generate]	 template:java_test\testdata\${className}.xml.ftl ==> d:\\generator-output\java_test\testdata\UserSign.xml
[skip]		 endsWith '.include' template:macro.include
[generate]	 template:other\jdbc_all_crud_sql\${basepackage_dir}\dao\${className}Dao.java ==> d:\\generator-output\other\jdbc_all_crud_sql\com\wealthlake\demo\dao\UserSignDao.java
[generate]	 template:readme.txt ==> d:\\generator-output\readme.txt
[generate]	 template:web\${namespace}\screen\${className}_jsp\base.jsp ==> d:\\generator-output\web\screen\UserSign_jsp\base.jsp
[generate]	 template:web\${namespace}\screen\${className}_jsp\create.jsp ==> d:\\generator-output\web\screen\UserSign_jsp\create.jsp
[generate]	 template:web\${namespace}\screen\${className}_jsp\edit.jsp ==> d:\\generator-output\web\screen\UserSign_jsp\edit.jsp
[generate]	 template:web\${namespace}\screen\${className}_jsp\form_include.jsp ==> d:\\generator-output\web\screen\UserSign_jsp\form_include.jsp
[generate]	 template:web\${namespace}\screen\${className}_jsp\list.jsp ==> d:\\generator-output\web\screen\UserSign_jsp\list.jsp
[generate]	 template:web\${namespace}\screen\${className}_jsp\show.jsp ==> d:\\generator-output\web\screen\UserSign_jsp\show.jsp
[generate]	 template:web\${namespace}\screen\base.jsp ==> d:\\generator-output\web\screen\base.jsp

***************************************************************
* * 生成代码完成 * *
* * 2018-06-08 10:28:34 * *
***************************************************************


***************************************************************
* * 开始生成代码 * *
* * 2018-06-08 10:28:51 * *
***************************************************************

[delete dir]    d:generator-output
***************************************************************
* BEGIN  generate by user_sign => UserSign
***************************************************************
-------------------load template from templateRootDir = 'E:\workspace\intellij IDEA\SSMgen\templates\se_template' outRootDir:d:\\generator-output
[skip]		 endsWith '.include' template:custom.include
[not generate] by gg.isIgnoreOutput()=true on template:generator\ColumnEnum.generator
[generate]	 template:generator\src\generator_config\table\${sqlName}.xml ==> d:\\generator-output\generator\src\generator_config\table\user_sign.xml
[skip]		 endsWith '.include' template:java_DO_imports.include
[skip]		 endsWith '.include' template:java_controller_imports.include
[skip]		 endsWith '.include' template:java_copyright.include
[skip]		 endsWith '.include' template:java_imports.include
[skip]		 endsWith '.include' template:java_mysqlDAO_imports.include
[skip]		 endsWith '.include' template:java_serviceImpl_imports.include
[skip]		 endsWith '.include' template:java_service_imports.include
[generate]	 template:java_src\core\${basepackage_dir}\core\service\${className}Service.java ==> d:\\generator-output\java_src\core\com\wealthlake\demo\core\service\UserSignService.java
[generate]	 template:java_src\core\${basepackage_dir}\core\service\impl\${className}ServiceImpl.java ==> d:\\generator-output\java_src\core\com\wealthlake\demo\core\service\impl\UserSignServiceImpl.java
[generate]	 template:java_src\dataaccess\${basepackage_dir}\dataaccess\dao\mysql\${className}MysqlDAO.java ==> d:\\generator-output\java_src\dataaccess\com\wealthlake\demo\dataaccess\dao\mysql\UserSignMysqlDAO.java
[generate]	 template:java_src\dataaccess\${basepackage_dir}\dataaccess\domain\${className}DO.java ==> d:\\generator-output\java_src\dataaccess\com\wealthlake\demo\dataaccess\domain\UserSignDO.java
[generate]	 template:java_src\dataaccess\sqlmap\${className}.xml ==> d:\\generator-output\java_src\dataaccess\sqlmap\UserSign.xml
[generate]	 template:java_src\dataaccess\sqlmap\${className}_old.xml ==> d:\\generator-output\java_src\dataaccess\sqlmap\UserSign_old.xml
[generate]	 template:java_src\web\${basepackage_dir}\web\controller\${className}Controller.java ==> d:\\generator-output\java_src\web\com\wealthlake\demo\web\controller\UserSignController.java
[generate]	 template:java_test\${basepackage_dir}\dao\${className}DaoTest.java ==> d:\\generator-output\java_test\com\wealthlake\demo\dao\UserSignDaoTest.java
[generate]	 template:java_test\${basepackage_dir}\service\${className}ManagerTest.java ==> d:\\generator-output\java_test\com\wealthlake\demo\service\UserSignManagerTest.java
[generate]	 template:java_test\testdata\${className}.xml.ftl ==> d:\\generator-output\java_test\testdata\UserSign.xml
[skip]		 endsWith '.include' template:macro.include
[generate]	 template:other\jdbc_all_crud_sql\${basepackage_dir}\dao\${className}Dao.java ==> d:\\generator-output\other\jdbc_all_crud_sql\com\wealthlake\demo\dao\UserSignDao.java
[generate]	 template:readme.txt ==> d:\\generator-output\readme.txt
[generate]	 template:web\${namespace}\screen\${className}_jsp\base.jsp ==> d:\\generator-output\web\screen\UserSign_jsp\base.jsp
[generate]	 template:web\${namespace}\screen\${className}_jsp\create.jsp ==> d:\\generator-output\web\screen\UserSign_jsp\create.jsp
[generate]	 template:web\${namespace}\screen\${className}_jsp\edit.jsp ==> d:\\generator-output\web\screen\UserSign_jsp\edit.jsp
[generate]	 template:web\${namespace}\screen\${className}_jsp\form_include.jsp ==> d:\\generator-output\web\screen\UserSign_jsp\form_include.jsp
[generate]	 template:web\${namespace}\screen\${className}_jsp\list.jsp ==> d:\\generator-output\web\screen\UserSign_jsp\list.jsp
[generate]	 template:web\${namespace}\screen\${className}_jsp\show.jsp ==> d:\\generator-output\web\screen\UserSign_jsp\show.jsp
[generate]	 template:web\${namespace}\screen\base.jsp ==> d:\\generator-output\web\screen\base.jsp

***************************************************************
* * 生成代码完成 * *
* * 2018-06-08 10:28:53 * *
***************************************************************

